<?xml version="1.0" encoding="UTF-8"?>
<testsuite xmlns:xsi="http://www.w3.org/2001/XMLSchema-instance" xsi:noNamespaceSchemaLocation="https://maven.apache.org/surefire/maven-surefire-plugin/xsd/surefire-test-report.xsd" name="com.toni.recipe.converters.UnitOfMeasureCommandToUnitOfMeasureTest" time="0" tests="3" errors="0" skipped="0" failures="0">
  <properties>
    <property name="sun.desktop" value="gnome"/>
    <property name="awt.toolkit" value="sun.awt.X11.XToolkit"/>
    <property name="file.encoding.pkg" value="sun.io"/>
    <property name="java.specification.version" value="1.8"/>
    <property name="sun.cpu.isalist" value=""/>
    <property name="sun.jnu.encoding" value="UTF-8"/>
    <property name="java.class.path" value="/home/toni/.m2/repository/org/apache/maven/surefire/surefire-booter/2.22.1/surefire-booter-2.22.1.jar:/home/toni/.m2/repository/org/apache/maven/surefire/surefire-api/2.22.1/surefire-api-2.22.1.jar:/home/toni/.m2/repository/org/apache/maven/surefire/surefire-logger-api/2.22.1/surefire-logger-api-2.22.1.jar:/home/toni/eclipse-workspace/recipe/target/test-classes:/home/toni/eclipse-workspace/recipe/target/classes:/home/toni/.m2/repository/org/springframework/boot/spring-boot-starter-data-jpa/2.1.0.RELEASE/spring-boot-starter-data-jpa-2.1.0.RELEASE.jar:/home/toni/.m2/repository/org/springframework/boot/spring-boot-starter-aop/2.1.0.RELEASE/spring-boot-starter-aop-2.1.0.RELEASE.jar:/home/toni/.m2/repository/org/springframework/spring-aop/5.1.2.RELEASE/spring-aop-5.1.2.RELEASE.jar:/home/toni/.m2/repository/org/aspectj/aspectjweaver/1.9.2/aspectjweaver-1.9.2.jar:/home/toni/.m2/repository/org/springframework/boot/spring-boot-starter-jdbc/2.1.0.RELEASE/spring-boot-starter-jdbc-2.1.0.RELEASE.jar:/home/toni/.m2/repository/com/zaxxer/HikariCP/3.2.0/HikariCP-3.2.0.jar:/home/toni/.m2/repository/org/springframework/spring-jdbc/5.1.2.RELEASE/spring-jdbc-5.1.2.RELEASE.jar:/home/toni/.m2/repository/javax/transaction/javax.transaction-api/1.3/javax.transaction-api-1.3.jar:/home/toni/.m2/repository/javax/xml/bind/jaxb-api/2.3.1/jaxb-api-2.3.1.jar:/home/toni/.m2/repository/javax/activation/javax.activation-api/1.2.0/javax.activation-api-1.2.0.jar:/home/toni/.m2/repository/org/hibernate/hibernate-core/5.3.7.Final/hibernate-core-5.3.7.Final.jar:/home/toni/.m2/repository/org/jboss/logging/jboss-logging/3.3.2.Final/jboss-logging-3.3.2.Final.jar:/home/toni/.m2/repository/javax/persistence/javax.persistence-api/2.2/javax.persistence-api-2.2.jar:/home/toni/.m2/repository/org/javassist/javassist/3.23.1-GA/javassist-3.23.1-GA.jar:/home/toni/.m2/repository/net/bytebuddy/byte-buddy/1.9.3/byte-buddy-1.9.3.jar:/home/toni/.m2/repository/antlr/antlr/2.7.7/antlr-2.7.7.jar:/home/toni/.m2/repository/org/jboss/jandex/2.0.5.Final/jandex-2.0.5.Final.jar:/home/toni/.m2/repository/com/fasterxml/classmate/1.4.0/classmate-1.4.0.jar:/home/toni/.m2/repository/org/dom4j/dom4j/2.1.1/dom4j-2.1.1.jar:/home/toni/.m2/repository/org/hibernate/common/hibernate-commons-annotations/5.0.4.Final/hibernate-commons-annotations-5.0.4.Final.jar:/home/toni/.m2/repository/org/springframework/data/spring-data-jpa/2.1.2.RELEASE/spring-data-jpa-2.1.2.RELEASE.jar:/home/toni/.m2/repository/org/springframework/data/spring-data-commons/2.1.2.RELEASE/spring-data-commons-2.1.2.RELEASE.jar:/home/toni/.m2/repository/org/springframework/spring-orm/5.1.2.RELEASE/spring-orm-5.1.2.RELEASE.jar:/home/toni/.m2/repository/org/springframework/spring-context/5.1.2.RELEASE/spring-context-5.1.2.RELEASE.jar:/home/toni/.m2/repository/org/springframework/spring-tx/5.1.2.RELEASE/spring-tx-5.1.2.RELEASE.jar:/home/toni/.m2/repository/org/springframework/spring-beans/5.1.2.RELEASE/spring-beans-5.1.2.RELEASE.jar:/home/toni/.m2/repository/org/slf4j/slf4j-api/1.7.25/slf4j-api-1.7.25.jar:/home/toni/.m2/repository/org/springframework/spring-aspects/5.1.2.RELEASE/spring-aspects-5.1.2.RELEASE.jar:/home/toni/.m2/repository/org/springframework/boot/spring-boot-starter-thymeleaf/2.1.0.RELEASE/spring-boot-starter-thymeleaf-2.1.0.RELEASE.jar:/home/toni/.m2/repository/org/springframework/boot/spring-boot-starter/2.1.0.RELEASE/spring-boot-starter-2.1.0.RELEASE.jar:/home/toni/.m2/repository/org/springframework/boot/spring-boot-starter-logging/2.1.0.RELEASE/spring-boot-starter-logging-2.1.0.RELEASE.jar:/home/toni/.m2/repository/org/apache/logging/log4j/log4j-to-slf4j/2.11.1/log4j-to-slf4j-2.11.1.jar:/home/toni/.m2/repository/org/apache/logging/log4j/log4j-api/2.11.1/log4j-api-2.11.1.jar:/home/toni/.m2/repository/org/slf4j/jul-to-slf4j/1.7.25/jul-to-slf4j-1.7.25.jar:/home/toni/.m2/repository/javax/annotation/javax.annotation-api/1.3.2/javax.annotation-api-1.3.2.jar:/home/toni/.m2/repository/org/yaml/snakeyaml/1.23/snakeyaml-1.23.jar:/home/toni/.m2/repository/org/thymeleaf/thymeleaf-spring5/3.0.11.RELEASE/thymeleaf-spring5-3.0.11.RELEASE.jar:/home/toni/.m2/repository/org/thymeleaf/thymeleaf/3.0.11.RELEASE/thymeleaf-3.0.11.RELEASE.jar:/home/toni/.m2/repository/org/attoparser/attoparser/2.0.5.RELEASE/attoparser-2.0.5.RELEASE.jar:/home/toni/.m2/repository/org/unbescape/unbescape/1.1.6.RELEASE/unbescape-1.1.6.RELEASE.jar:/home/toni/.m2/repository/org/thymeleaf/extras/thymeleaf-extras-java8time/3.0.1.RELEASE/thymeleaf-extras-java8time-3.0.1.RELEASE.jar:/home/toni/.m2/repository/org/springframework/boot/spring-boot-starter-web/2.1.0.RELEASE/spring-boot-starter-web-2.1.0.RELEASE.jar:/home/toni/.m2/repository/org/springframework/boot/spring-boot-starter-json/2.1.0.RELEASE/spring-boot-starter-json-2.1.0.RELEASE.jar:/home/toni/.m2/repository/com/fasterxml/jackson/core/jackson-databind/2.9.7/jackson-databind-2.9.7.jar:/home/toni/.m2/repository/com/fasterxml/jackson/core/jackson-annotations/2.9.0/jackson-annotations-2.9.0.jar:/home/toni/.m2/repository/com/fasterxml/jackson/core/jackson-core/2.9.7/jackson-core-2.9.7.jar:/home/toni/.m2/repository/com/fasterxml/jackson/datatype/jackson-datatype-jdk8/2.9.7/jackson-datatype-jdk8-2.9.7.jar:/home/toni/.m2/repository/com/fasterxml/jackson/datatype/jackson-datatype-jsr310/2.9.7/jackson-datatype-jsr310-2.9.7.jar:/home/toni/.m2/repository/com/fasterxml/jackson/module/jackson-module-parameter-names/2.9.7/jackson-module-parameter-names-2.9.7.jar:/home/toni/.m2/repository/org/springframework/boot/spring-boot-starter-tomcat/2.1.0.RELEASE/spring-boot-starter-tomcat-2.1.0.RELEASE.jar:/home/toni/.m2/repository/org/apache/tomcat/embed/tomcat-embed-core/9.0.12/tomcat-embed-core-9.0.12.jar:/home/toni/.m2/repository/org/apache/tomcat/embed/tomcat-embed-el/9.0.12/tomcat-embed-el-9.0.12.jar:/home/toni/.m2/repository/org/apache/tomcat/embed/tomcat-embed-websocket/9.0.12/tomcat-embed-websocket-9.0.12.jar:/home/toni/.m2/repository/org/hibernate/validator/hibernate-validator/6.0.13.Final/hibernate-validator-6.0.13.Final.jar:/home/toni/.m2/repository/javax/validation/validation-api/2.0.1.Final/validation-api-2.0.1.Final.jar:/home/toni/.m2/repository/org/springframework/spring-web/5.1.2.RELEASE/spring-web-5.1.2.RELEASE.jar:/home/toni/.m2/repository/org/springframework/spring-webmvc/5.1.2.RELEASE/spring-webmvc-5.1.2.RELEASE.jar:/home/toni/.m2/repository/org/springframework/spring-expression/5.1.2.RELEASE/spring-expression-5.1.2.RELEASE.jar:/home/toni/.m2/repository/org/springframework/boot/spring-boot-devtools/2.1.0.RELEASE/spring-boot-devtools-2.1.0.RELEASE.jar:/home/toni/.m2/repository/org/springframework/boot/spring-boot/2.1.0.RELEASE/spring-boot-2.1.0.RELEASE.jar:/home/toni/.m2/repository/org/springframework/boot/spring-boot-autoconfigure/2.1.0.RELEASE/spring-boot-autoconfigure-2.1.0.RELEASE.jar:/home/toni/.m2/repository/com/h2database/h2/1.4.197/h2-1.4.197.jar:/home/toni/.m2/repository/org/projectlombok/lombok/1.18.2/lombok-1.18.2.jar:/home/toni/.m2/repository/org/webjars/bootstrap/3.3.7-1/bootstrap-3.3.7-1.jar:/home/toni/.m2/repository/org/webjars/jquery/1.11.1/jquery-1.11.1.jar:/home/toni/.m2/repository/mysql/mysql-connector-java/8.0.13/mysql-connector-java-8.0.13.jar:/home/toni/.m2/repository/org/springframework/boot/spring-boot-starter-test/2.1.0.RELEASE/spring-boot-starter-test-2.1.0.RELEASE.jar:/home/toni/.m2/repository/org/springframework/boot/spring-boot-test/2.1.0.RELEASE/spring-boot-test-2.1.0.RELEASE.jar:/home/toni/.m2/repository/org/springframework/boot/spring-boot-test-autoconfigure/2.1.0.RELEASE/spring-boot-test-autoconfigure-2.1.0.RELEASE.jar:/home/toni/.m2/repository/com/jayway/jsonpath/json-path/2.4.0/json-path-2.4.0.jar:/home/toni/.m2/repository/net/minidev/json-smart/2.3/json-smart-2.3.jar:/home/toni/.m2/repository/net/minidev/accessors-smart/1.2/accessors-smart-1.2.jar:/home/toni/.m2/repository/junit/junit/4.12/junit-4.12.jar:/home/toni/.m2/repository/org/assertj/assertj-core/3.11.1/assertj-core-3.11.1.jar:/home/toni/.m2/repository/org/mockito/mockito-core/2.23.0/mockito-core-2.23.0.jar:/home/toni/.m2/repository/net/bytebuddy/byte-buddy-agent/1.9.3/byte-buddy-agent-1.9.3.jar:/home/toni/.m2/repository/org/objenesis/objenesis/2.6/objenesis-2.6.jar:/home/toni/.m2/repository/org/hamcrest/hamcrest-core/1.3/hamcrest-core-1.3.jar:/home/toni/.m2/repository/org/hamcrest/hamcrest-library/1.3/hamcrest-library-1.3.jar:/home/toni/.m2/repository/org/skyscreamer/jsonassert/1.5.0/jsonassert-1.5.0.jar:/home/toni/.m2/repository/com/vaadin/external/google/android-json/0.0.20131108.vaadin1/android-json-0.0.20131108.vaadin1.jar:/home/toni/.m2/repository/org/springframework/spring-core/5.1.2.RELEASE/spring-core-5.1.2.RELEASE.jar:/home/toni/.m2/repository/org/springframework/spring-jcl/5.1.2.RELEASE/spring-jcl-5.1.2.RELEASE.jar:/home/toni/.m2/repository/org/springframework/spring-test/5.1.2.RELEASE/spring-test-5.1.2.RELEASE.jar:/home/toni/.m2/repository/org/xmlunit/xmlunit-core/2.6.2/xmlunit-core-2.6.2.jar:/home/toni/.m2/repository/org/codehaus/mojo/cobertura-maven-plugin/2.7/cobertura-maven-plugin-2.7.jar:/home/toni/.m2/repository/net/sourceforge/cobertura/cobertura/2.1.1/cobertura-2.1.1.jar:/home/toni/.m2/repository/org/ow2/asm/asm/5.0.1/asm-5.0.1.jar:/home/toni/.m2/repository/org/ow2/asm/asm-tree/5.0.1/asm-tree-5.0.1.jar:/home/toni/.m2/repository/org/ow2/asm/asm-commons/5.0.1/asm-commons-5.0.1.jar:/home/toni/.m2/repository/org/ow2/asm/asm-util/5.0.1/asm-util-5.0.1.jar:/home/toni/.m2/repository/org/ow2/asm/asm-analysis/5.0.1/asm-analysis-5.0.1.jar:/home/toni/.m2/repository/oro/oro/2.0.8/oro-2.0.8.jar:/home/toni/.m2/repository/org/apache/ant/ant/1.8.3/ant-1.8.3.jar:/home/toni/.m2/repository/org/apache/ant/ant-launcher/1.8.3/ant-launcher-1.8.3.jar:/home/toni/.m2/repository/org/apache/ant/ant-junit/1.8.3/ant-junit-1.8.3.jar:/home/toni/.m2/repository/org/mortbay/jetty/servlet-api-2.5/6.1.14/servlet-api-2.5-6.1.14.jar:/home/toni/.m2/repository/org/mortbay/jetty/jetty/6.1.14/jetty-6.1.14.jar:/home/toni/.m2/repository/org/mortbay/jetty/jetty-util/6.1.14/jetty-util-6.1.14.jar:/usr/lib/jvm/jdk1.8.0_231/jre/../lib/tools.jar:/home/toni/.m2/repository/ch/qos/logback/logback-classic/1.2.3/logback-classic-1.2.3.jar:/home/toni/.m2/repository/ch/qos/logback/logback-core/1.2.3/logback-core-1.2.3.jar:/home/toni/.m2/repository/org/apache/commons/commons-lang3/3.8.1/commons-lang3-3.8.1.jar:/home/toni/.m2/repository/xerces/xercesImpl/2.11.0/xercesImpl-2.11.0.jar:/home/toni/.m2/repository/xml-apis/xml-apis/1.4.01/xml-apis-1.4.01.jar:/home/toni/.m2/repository/jaxen/jaxen/1.1.6/jaxen-1.1.6.jar:/home/toni/.m2/repository/org/jdom/jdom/1.1.3/jdom-1.1.3.jar:/home/toni/.m2/repository/urbanophile/java-getopt/1.0.9/java-getopt-1.0.9.jar:/home/toni/.m2/repository/org/apache/maven/maven-core/2.0.8/maven-core-2.0.8.jar:/home/toni/.m2/repository/org/apache/maven/maven-settings/2.0.8/maven-settings-2.0.8.jar:/home/toni/.m2/repository/org/apache/maven/wagon/wagon-file/1.0-beta-2/wagon-file-1.0-beta-2.jar:/home/toni/.m2/repository/org/apache/maven/maven-plugin-parameter-documenter/2.0.8/maven-plugin-parameter-documenter-2.0.8.jar:/home/toni/.m2/repository/org/apache/maven/wagon/wagon-http-lightweight/1.0-beta-2/wagon-http-lightweight-1.0-beta-2.jar:/home/toni/.m2/repository/org/apache/maven/wagon/wagon-http-shared/1.0-beta-2/wagon-http-shared-1.0-beta-2.jar:/home/toni/.m2/repository/jtidy/jtidy/4aug2000r7-dev/jtidy-4aug2000r7-dev.jar:/home/toni/.m2/repository/org/apache/maven/maven-profile/2.0.8/maven-profile-2.0.8.jar:/home/toni/.m2/repository/org/apache/maven/maven-model/2.0.8/maven-model-2.0.8.jar:/home/toni/.m2/repository/org/apache/maven/wagon/wagon-provider-api/1.0-beta-2/wagon-provider-api-1.0-beta-2.jar:/home/toni/.m2/repository/org/codehaus/plexus/plexus-container-default/1.0-alpha-9-stable-1/plexus-container-default-1.0-alpha-9-stable-1.jar:/home/toni/.m2/repository/org/apache/maven/maven-repository-metadata/2.0.8/maven-repository-metadata-2.0.8.jar:/home/toni/.m2/repository/org/apache/maven/maven-error-diagnostics/2.0.8/maven-error-diagnostics-2.0.8.jar:/home/toni/.m2/repository/commons-cli/commons-cli/1.0/commons-cli-1.0.jar:/home/toni/.m2/repository/org/apache/maven/wagon/wagon-ssh-external/1.0-beta-2/wagon-ssh-external-1.0-beta-2.jar:/home/toni/.m2/repository/org/apache/maven/wagon/wagon-ssh-common/1.0-beta-2/wagon-ssh-common-1.0-beta-2.jar:/home/toni/.m2/repository/org/apache/maven/maven-plugin-descriptor/2.0.8/maven-plugin-descriptor-2.0.8.jar:/home/toni/.m2/repository/org/codehaus/plexus/plexus-interactivity-api/1.0-alpha-4/plexus-interactivity-api-1.0-alpha-4.jar:/home/toni/.m2/repository/org/apache/maven/maven-artifact-manager/2.0.8/maven-artifact-manager-2.0.8.jar:/home/toni/.m2/repository/org/apache/maven/maven-monitor/2.0.8/maven-monitor-2.0.8.jar:/home/toni/.m2/repository/org/apache/maven/wagon/wagon-ssh/1.0-beta-2/wagon-ssh-1.0-beta-2.jar:/home/toni/.m2/repository/com/jcraft/jsch/0.1.27/jsch-0.1.27.jar:/home/toni/.m2/repository/classworlds/classworlds/1.1/classworlds-1.1.jar:/home/toni/.m2/repository/org/apache/maven/maven-artifact/2.0.8/maven-artifact-2.0.8.jar:/home/toni/.m2/repository/org/apache/maven/maven-plugin-api/2.0.8/maven-plugin-api-2.0.8.jar:/home/toni/.m2/repository/org/apache/maven/reporting/maven-reporting-api/2.0.8/maven-reporting-api-2.0.8.jar:/home/toni/.m2/repository/org/apache/maven/doxia/doxia-sink-api/1.0-alpha-9/doxia-sink-api-1.0-alpha-9.jar:/home/toni/.m2/repository/org/apache/maven/maven-project/2.0.8/maven-project-2.0.8.jar:/home/toni/.m2/repository/org/apache/maven/maven-plugin-registry/2.0.8/maven-plugin-registry-2.0.8.jar:/home/toni/.m2/repository/org/apache/maven/reporting/maven-reporting-impl/2.0.4.2/maven-reporting-impl-2.0.4.2.jar:/home/toni/.m2/repository/commons-validator/commons-validator/1.2.0/commons-validator-1.2.0.jar:/home/toni/.m2/repository/commons-beanutils/commons-beanutils/1.7.0/commons-beanutils-1.7.0.jar:/home/toni/.m2/repository/commons-digester/commons-digester/1.6/commons-digester-1.6.jar:/home/toni/.m2/repository/commons-logging/commons-logging/1.0.4/commons-logging-1.0.4.jar:/home/toni/.m2/repository/org/apache/maven/doxia/doxia-core/1.0/doxia-core-1.0.jar:/home/toni/.m2/repository/org/apache/maven/doxia/doxia-site-renderer/1.0/doxia-site-renderer-1.0.jar:/home/toni/.m2/repository/org/codehaus/plexus/plexus-i18n/1.0-beta-7/plexus-i18n-1.0-beta-7.jar:/home/toni/.m2/repository/org/codehaus/plexus/plexus-velocity/1.1.7/plexus-velocity-1.1.7.jar:/home/toni/.m2/repository/org/apache/velocity/velocity/1.5/velocity-1.5.jar:/home/toni/.m2/repository/org/apache/maven/doxia/doxia-decoration-model/1.0/doxia-decoration-model-1.0.jar:/home/toni/.m2/repository/commons-collections/commons-collections/3.2/commons-collections-3.2.jar:/home/toni/.m2/repository/org/apache/maven/doxia/doxia-module-apt/1.0/doxia-module-apt-1.0.jar:/home/toni/.m2/repository/org/apache/maven/doxia/doxia-module-fml/1.0/doxia-module-fml-1.0.jar:/home/toni/.m2/repository/org/apache/maven/doxia/doxia-module-xdoc/1.0/doxia-module-xdoc-1.0.jar:/home/toni/.m2/repository/org/apache/maven/doxia/doxia-module-xhtml/1.0/doxia-module-xhtml-1.0.jar:/home/toni/.m2/repository/commons-lang/commons-lang/2.4/commons-lang-2.4.jar:/home/toni/.m2/repository/org/codehaus/plexus/plexus-utils/2.0.2/plexus-utils-2.0.2.jar:/home/toni/.m2/repository/org/apache/maven/shared/maven-invoker/2.0.11/maven-invoker-2.0.11.jar:/home/toni/.m2/repository/org/apache/maven/surefire/surefire-junit4/2.22.1/surefire-junit4-2.22.1.jar"/>
    <property name="java.vm.vendor" value="Oracle Corporation"/>
    <property name="sun.arch.data.model" value="64"/>
    <property name="java.vendor.url" value="http://java.oracle.com/"/>
    <property name="user.timezone" value=""/>
    <property name="java.vm.specification.version" value="1.8"/>
    <property name="os.name" value="Linux"/>
    <property name="user.country" value="ES"/>
    <property name="sun.java.launcher" value="SUN_STANDARD"/>
    <property name="sun.boot.library.path" value="/usr/lib/jvm/jdk1.8.0_231/jre/lib/amd64"/>
    <property name="sun.java.command" value="org.apache.maven.surefire.booter.ForkedBooter /home/toni/eclipse-workspace/recipe/target/surefire 2020-01-27T16-18-26_249-jvmRun1 surefire8706194851818708495tmp surefire_0408364863690065347tmp"/>
    <property name="surefire.test.class.path" value="/home/toni/eclipse-workspace/recipe/target/test-classes:/home/toni/eclipse-workspace/recipe/target/classes:/home/toni/.m2/repository/org/springframework/boot/spring-boot-starter-data-jpa/2.1.0.RELEASE/spring-boot-starter-data-jpa-2.1.0.RELEASE.jar:/home/toni/.m2/repository/org/springframework/boot/spring-boot-starter-aop/2.1.0.RELEASE/spring-boot-starter-aop-2.1.0.RELEASE.jar:/home/toni/.m2/repository/org/springframework/spring-aop/5.1.2.RELEASE/spring-aop-5.1.2.RELEASE.jar:/home/toni/.m2/repository/org/aspectj/aspectjweaver/1.9.2/aspectjweaver-1.9.2.jar:/home/toni/.m2/repository/org/springframework/boot/spring-boot-starter-jdbc/2.1.0.RELEASE/spring-boot-starter-jdbc-2.1.0.RELEASE.jar:/home/toni/.m2/repository/com/zaxxer/HikariCP/3.2.0/HikariCP-3.2.0.jar:/home/toni/.m2/repository/org/springframework/spring-jdbc/5.1.2.RELEASE/spring-jdbc-5.1.2.RELEASE.jar:/home/toni/.m2/repository/javax/transaction/javax.transaction-api/1.3/javax.transaction-api-1.3.jar:/home/toni/.m2/repository/javax/xml/bind/jaxb-api/2.3.1/jaxb-api-2.3.1.jar:/home/toni/.m2/repository/javax/activation/javax.activation-api/1.2.0/javax.activation-api-1.2.0.jar:/home/toni/.m2/repository/org/hibernate/hibernate-core/5.3.7.Final/hibernate-core-5.3.7.Final.jar:/home/toni/.m2/repository/org/jboss/logging/jboss-logging/3.3.2.Final/jboss-logging-3.3.2.Final.jar:/home/toni/.m2/repository/javax/persistence/javax.persistence-api/2.2/javax.persistence-api-2.2.jar:/home/toni/.m2/repository/org/javassist/javassist/3.23.1-GA/javassist-3.23.1-GA.jar:/home/toni/.m2/repository/net/bytebuddy/byte-buddy/1.9.3/byte-buddy-1.9.3.jar:/home/toni/.m2/repository/antlr/antlr/2.7.7/antlr-2.7.7.jar:/home/toni/.m2/repository/org/jboss/jandex/2.0.5.Final/jandex-2.0.5.Final.jar:/home/toni/.m2/repository/com/fasterxml/classmate/1.4.0/classmate-1.4.0.jar:/home/toni/.m2/repository/org/dom4j/dom4j/2.1.1/dom4j-2.1.1.jar:/home/toni/.m2/repository/org/hibernate/common/hibernate-commons-annotations/5.0.4.Final/hibernate-commons-annotations-5.0.4.Final.jar:/home/toni/.m2/repository/org/springframework/data/spring-data-jpa/2.1.2.RELEASE/spring-data-jpa-2.1.2.RELEASE.jar:/home/toni/.m2/repository/org/springframework/data/spring-data-commons/2.1.2.RELEASE/spring-data-commons-2.1.2.RELEASE.jar:/home/toni/.m2/repository/org/springframework/spring-orm/5.1.2.RELEASE/spring-orm-5.1.2.RELEASE.jar:/home/toni/.m2/repository/org/springframework/spring-context/5.1.2.RELEASE/spring-context-5.1.2.RELEASE.jar:/home/toni/.m2/repository/org/springframework/spring-tx/5.1.2.RELEASE/spring-tx-5.1.2.RELEASE.jar:/home/toni/.m2/repository/org/springframework/spring-beans/5.1.2.RELEASE/spring-beans-5.1.2.RELEASE.jar:/home/toni/.m2/repository/org/slf4j/slf4j-api/1.7.25/slf4j-api-1.7.25.jar:/home/toni/.m2/repository/org/springframework/spring-aspects/5.1.2.RELEASE/spring-aspects-5.1.2.RELEASE.jar:/home/toni/.m2/repository/org/springframework/boot/spring-boot-starter-thymeleaf/2.1.0.RELEASE/spring-boot-starter-thymeleaf-2.1.0.RELEASE.jar:/home/toni/.m2/repository/org/springframework/boot/spring-boot-starter/2.1.0.RELEASE/spring-boot-starter-2.1.0.RELEASE.jar:/home/toni/.m2/repository/org/springframework/boot/spring-boot-starter-logging/2.1.0.RELEASE/spring-boot-starter-logging-2.1.0.RELEASE.jar:/home/toni/.m2/repository/org/apache/logging/log4j/log4j-to-slf4j/2.11.1/log4j-to-slf4j-2.11.1.jar:/home/toni/.m2/repository/org/apache/logging/log4j/log4j-api/2.11.1/log4j-api-2.11.1.jar:/home/toni/.m2/repository/org/slf4j/jul-to-slf4j/1.7.25/jul-to-slf4j-1.7.25.jar:/home/toni/.m2/repository/javax/annotation/javax.annotation-api/1.3.2/javax.annotation-api-1.3.2.jar:/home/toni/.m2/repository/org/yaml/snakeyaml/1.23/snakeyaml-1.23.jar:/home/toni/.m2/repository/org/thymeleaf/thymeleaf-spring5/3.0.11.RELEASE/thymeleaf-spring5-3.0.11.RELEASE.jar:/home/toni/.m2/repository/org/thymeleaf/thymeleaf/3.0.11.RELEASE/thymeleaf-3.0.11.RELEASE.jar:/home/toni/.m2/repository/org/attoparser/attoparser/2.0.5.RELEASE/attoparser-2.0.5.RELEASE.jar:/home/toni/.m2/repository/org/unbescape/unbescape/1.1.6.RELEASE/unbescape-1.1.6.RELEASE.jar:/home/toni/.m2/repository/org/thymeleaf/extras/thymeleaf-extras-java8time/3.0.1.RELEASE/thymeleaf-extras-java8time-3.0.1.RELEASE.jar:/home/toni/.m2/repository/org/springframework/boot/spring-boot-starter-web/2.1.0.RELEASE/spring-boot-starter-web-2.1.0.RELEASE.jar:/home/toni/.m2/repository/org/springframework/boot/spring-boot-starter-json/2.1.0.RELEASE/spring-boot-starter-json-2.1.0.RELEASE.jar:/home/toni/.m2/repository/com/fasterxml/jackson/core/jackson-databind/2.9.7/jackson-databind-2.9.7.jar:/home/toni/.m2/repository/com/fasterxml/jackson/core/jackson-annotations/2.9.0/jackson-annotations-2.9.0.jar:/home/toni/.m2/repository/com/fasterxml/jackson/core/jackson-core/2.9.7/jackson-core-2.9.7.jar:/home/toni/.m2/repository/com/fasterxml/jackson/datatype/jackson-datatype-jdk8/2.9.7/jackson-datatype-jdk8-2.9.7.jar:/home/toni/.m2/repository/com/fasterxml/jackson/datatype/jackson-datatype-jsr310/2.9.7/jackson-datatype-jsr310-2.9.7.jar:/home/toni/.m2/repository/com/fasterxml/jackson/module/jackson-module-parameter-names/2.9.7/jackson-module-parameter-names-2.9.7.jar:/home/toni/.m2/repository/org/springframework/boot/spring-boot-starter-tomcat/2.1.0.RELEASE/spring-boot-starter-tomcat-2.1.0.RELEASE.jar:/home/toni/.m2/repository/org/apache/tomcat/embed/tomcat-embed-core/9.0.12/tomcat-embed-core-9.0.12.jar:/home/toni/.m2/repository/org/apache/tomcat/embed/tomcat-embed-el/9.0.12/tomcat-embed-el-9.0.12.jar:/home/toni/.m2/repository/org/apache/tomcat/embed/tomcat-embed-websocket/9.0.12/tomcat-embed-websocket-9.0.12.jar:/home/toni/.m2/repository/org/hibernate/validator/hibernate-validator/6.0.13.Final/hibernate-validator-6.0.13.Final.jar:/home/toni/.m2/repository/javax/validation/validation-api/2.0.1.Final/validation-api-2.0.1.Final.jar:/home/toni/.m2/repository/org/springframework/spring-web/5.1.2.RELEASE/spring-web-5.1.2.RELEASE.jar:/home/toni/.m2/repository/org/springframework/spring-webmvc/5.1.2.RELEASE/spring-webmvc-5.1.2.RELEASE.jar:/home/toni/.m2/repository/org/springframework/spring-expression/5.1.2.RELEASE/spring-expression-5.1.2.RELEASE.jar:/home/toni/.m2/repository/org/springframework/boot/spring-boot-devtools/2.1.0.RELEASE/spring-boot-devtools-2.1.0.RELEASE.jar:/home/toni/.m2/repository/org/springframework/boot/spring-boot/2.1.0.RELEASE/spring-boot-2.1.0.RELEASE.jar:/home/toni/.m2/repository/org/springframework/boot/spring-boot-autoconfigure/2.1.0.RELEASE/spring-boot-autoconfigure-2.1.0.RELEASE.jar:/home/toni/.m2/repository/com/h2database/h2/1.4.197/h2-1.4.197.jar:/home/toni/.m2/repository/org/projectlombok/lombok/1.18.2/lombok-1.18.2.jar:/home/toni/.m2/repository/org/webjars/bootstrap/3.3.7-1/bootstrap-3.3.7-1.jar:/home/toni/.m2/repository/org/webjars/jquery/1.11.1/jquery-1.11.1.jar:/home/toni/.m2/repository/mysql/mysql-connector-java/8.0.13/mysql-connector-java-8.0.13.jar:/home/toni/.m2/repository/org/springframework/boot/spring-boot-starter-test/2.1.0.RELEASE/spring-boot-starter-test-2.1.0.RELEASE.jar:/home/toni/.m2/repository/org/springframework/boot/spring-boot-test/2.1.0.RELEASE/spring-boot-test-2.1.0.RELEASE.jar:/home/toni/.m2/repository/org/springframework/boot/spring-boot-test-autoconfigure/2.1.0.RELEASE/spring-boot-test-autoconfigure-2.1.0.RELEASE.jar:/home/toni/.m2/repository/com/jayway/jsonpath/json-path/2.4.0/json-path-2.4.0.jar:/home/toni/.m2/repository/net/minidev/json-smart/2.3/json-smart-2.3.jar:/home/toni/.m2/repository/net/minidev/accessors-smart/1.2/accessors-smart-1.2.jar:/home/toni/.m2/repository/junit/junit/4.12/junit-4.12.jar:/home/toni/.m2/repository/org/assertj/assertj-core/3.11.1/assertj-core-3.11.1.jar:/home/toni/.m2/repository/org/mockito/mockito-core/2.23.0/mockito-core-2.23.0.jar:/home/toni/.m2/repository/net/bytebuddy/byte-buddy-agent/1.9.3/byte-buddy-agent-1.9.3.jar:/home/toni/.m2/repository/org/objenesis/objenesis/2.6/objenesis-2.6.jar:/home/toni/.m2/repository/org/hamcrest/hamcrest-core/1.3/hamcrest-core-1.3.jar:/home/toni/.m2/repository/org/hamcrest/hamcrest-library/1.3/hamcrest-library-1.3.jar:/home/toni/.m2/repository/org/skyscreamer/jsonassert/1.5.0/jsonassert-1.5.0.jar:/home/toni/.m2/repository/com/vaadin/external/google/android-json/0.0.20131108.vaadin1/android-json-0.0.20131108.vaadin1.jar:/home/toni/.m2/repository/org/springframework/spring-core/5.1.2.RELEASE/spring-core-5.1.2.RELEASE.jar:/home/toni/.m2/repository/org/springframework/spring-jcl/5.1.2.RELEASE/spring-jcl-5.1.2.RELEASE.jar:/home/toni/.m2/repository/org/springframework/spring-test/5.1.2.RELEASE/spring-test-5.1.2.RELEASE.jar:/home/toni/.m2/repository/org/xmlunit/xmlunit-core/2.6.2/xmlunit-core-2.6.2.jar:/home/toni/.m2/repository/org/codehaus/mojo/cobertura-maven-plugin/2.7/cobertura-maven-plugin-2.7.jar:/home/toni/.m2/repository/net/sourceforge/cobertura/cobertura/2.1.1/cobertura-2.1.1.jar:/home/toni/.m2/repository/org/ow2/asm/asm/5.0.1/asm-5.0.1.jar:/home/toni/.m2/repository/org/ow2/asm/asm-tree/5.0.1/asm-tree-5.0.1.jar:/home/toni/.m2/repository/org/ow2/asm/asm-commons/5.0.1/asm-commons-5.0.1.jar:/home/toni/.m2/repository/org/ow2/asm/asm-util/5.0.1/asm-util-5.0.1.jar:/home/toni/.m2/repository/org/ow2/asm/asm-analysis/5.0.1/asm-analysis-5.0.1.jar:/home/toni/.m2/repository/oro/oro/2.0.8/oro-2.0.8.jar:/home/toni/.m2/repository/org/apache/ant/ant/1.8.3/ant-1.8.3.jar:/home/toni/.m2/repository/org/apache/ant/ant-launcher/1.8.3/ant-launcher-1.8.3.jar:/home/toni/.m2/repository/org/apache/ant/ant-junit/1.8.3/ant-junit-1.8.3.jar:/home/toni/.m2/repository/org/mortbay/jetty/servlet-api-2.5/6.1.14/servlet-api-2.5-6.1.14.jar:/home/toni/.m2/repository/org/mortbay/jetty/jetty/6.1.14/jetty-6.1.14.jar:/home/toni/.m2/repository/org/mortbay/jetty/jetty-util/6.1.14/jetty-util-6.1.14.jar:/usr/lib/jvm/jdk1.8.0_231/jre/../lib/tools.jar:/home/toni/.m2/repository/ch/qos/logback/logback-classic/1.2.3/logback-classic-1.2.3.jar:/home/toni/.m2/repository/ch/qos/logback/logback-core/1.2.3/logback-core-1.2.3.jar:/home/toni/.m2/repository/org/apache/commons/commons-lang3/3.8.1/commons-lang3-3.8.1.jar:/home/toni/.m2/repository/xerces/xercesImpl/2.11.0/xercesImpl-2.11.0.jar:/home/toni/.m2/repository/xml-apis/xml-apis/1.4.01/xml-apis-1.4.01.jar:/home/toni/.m2/repository/jaxen/jaxen/1.1.6/jaxen-1.1.6.jar:/home/toni/.m2/repository/org/jdom/jdom/1.1.3/jdom-1.1.3.jar:/home/toni/.m2/repository/urbanophile/java-getopt/1.0.9/java-getopt-1.0.9.jar:/home/toni/.m2/repository/org/apache/maven/maven-core/2.0.8/maven-core-2.0.8.jar:/home/toni/.m2/repository/org/apache/maven/maven-settings/2.0.8/maven-settings-2.0.8.jar:/home/toni/.m2/repository/org/apache/maven/wagon/wagon-file/1.0-beta-2/wagon-file-1.0-beta-2.jar:/home/toni/.m2/repository/org/apache/maven/maven-plugin-parameter-documenter/2.0.8/maven-plugin-parameter-documenter-2.0.8.jar:/home/toni/.m2/repository/org/apache/maven/wagon/wagon-http-lightweight/1.0-beta-2/wagon-http-lightweight-1.0-beta-2.jar:/home/toni/.m2/repository/org/apache/maven/wagon/wagon-http-shared/1.0-beta-2/wagon-http-shared-1.0-beta-2.jar:/home/toni/.m2/repository/jtidy/jtidy/4aug2000r7-dev/jtidy-4aug2000r7-dev.jar:/home/toni/.m2/repository/org/apache/maven/maven-profile/2.0.8/maven-profile-2.0.8.jar:/home/toni/.m2/repository/org/apache/maven/maven-model/2.0.8/maven-model-2.0.8.jar:/home/toni/.m2/repository/org/apache/maven/wagon/wagon-provider-api/1.0-beta-2/wagon-provider-api-1.0-beta-2.jar:/home/toni/.m2/repository/org/codehaus/plexus/plexus-container-default/1.0-alpha-9-stable-1/plexus-container-default-1.0-alpha-9-stable-1.jar:/home/toni/.m2/repository/org/apache/maven/maven-repository-metadata/2.0.8/maven-repository-metadata-2.0.8.jar:/home/toni/.m2/repository/org/apache/maven/maven-error-diagnostics/2.0.8/maven-error-diagnostics-2.0.8.jar:/home/toni/.m2/repository/commons-cli/commons-cli/1.0/commons-cli-1.0.jar:/home/toni/.m2/repository/org/apache/maven/wagon/wagon-ssh-external/1.0-beta-2/wagon-ssh-external-1.0-beta-2.jar:/home/toni/.m2/repository/org/apache/maven/wagon/wagon-ssh-common/1.0-beta-2/wagon-ssh-common-1.0-beta-2.jar:/home/toni/.m2/repository/org/apache/maven/maven-plugin-descriptor/2.0.8/maven-plugin-descriptor-2.0.8.jar:/home/toni/.m2/repository/org/codehaus/plexus/plexus-interactivity-api/1.0-alpha-4/plexus-interactivity-api-1.0-alpha-4.jar:/home/toni/.m2/repository/org/apache/maven/maven-artifact-manager/2.0.8/maven-artifact-manager-2.0.8.jar:/home/toni/.m2/repository/org/apache/maven/maven-monitor/2.0.8/maven-monitor-2.0.8.jar:/home/toni/.m2/repository/org/apache/maven/wagon/wagon-ssh/1.0-beta-2/wagon-ssh-1.0-beta-2.jar:/home/toni/.m2/repository/com/jcraft/jsch/0.1.27/jsch-0.1.27.jar:/home/toni/.m2/repository/classworlds/classworlds/1.1/classworlds-1.1.jar:/home/toni/.m2/repository/org/apache/maven/maven-artifact/2.0.8/maven-artifact-2.0.8.jar:/home/toni/.m2/repository/org/apache/maven/maven-plugin-api/2.0.8/maven-plugin-api-2.0.8.jar:/home/toni/.m2/repository/org/apache/maven/reporting/maven-reporting-api/2.0.8/maven-reporting-api-2.0.8.jar:/home/toni/.m2/repository/org/apache/maven/doxia/doxia-sink-api/1.0-alpha-9/doxia-sink-api-1.0-alpha-9.jar:/home/toni/.m2/repository/org/apache/maven/maven-project/2.0.8/maven-project-2.0.8.jar:/home/toni/.m2/repository/org/apache/maven/maven-plugin-registry/2.0.8/maven-plugin-registry-2.0.8.jar:/home/toni/.m2/repository/org/apache/maven/reporting/maven-reporting-impl/2.0.4.2/maven-reporting-impl-2.0.4.2.jar:/home/toni/.m2/repository/commons-validator/commons-validator/1.2.0/commons-validator-1.2.0.jar:/home/toni/.m2/repository/commons-beanutils/commons-beanutils/1.7.0/commons-beanutils-1.7.0.jar:/home/toni/.m2/repository/commons-digester/commons-digester/1.6/commons-digester-1.6.jar:/home/toni/.m2/repository/commons-logging/commons-logging/1.0.4/commons-logging-1.0.4.jar:/home/toni/.m2/repository/org/apache/maven/doxia/doxia-core/1.0/doxia-core-1.0.jar:/home/toni/.m2/repository/org/apache/maven/doxia/doxia-site-renderer/1.0/doxia-site-renderer-1.0.jar:/home/toni/.m2/repository/org/codehaus/plexus/plexus-i18n/1.0-beta-7/plexus-i18n-1.0-beta-7.jar:/home/toni/.m2/repository/org/codehaus/plexus/plexus-velocity/1.1.7/plexus-velocity-1.1.7.jar:/home/toni/.m2/repository/org/apache/velocity/velocity/1.5/velocity-1.5.jar:/home/toni/.m2/repository/org/apache/maven/doxia/doxia-decoration-model/1.0/doxia-decoration-model-1.0.jar:/home/toni/.m2/repository/commons-collections/commons-collections/3.2/commons-collections-3.2.jar:/home/toni/.m2/repository/org/apache/maven/doxia/doxia-module-apt/1.0/doxia-module-apt-1.0.jar:/home/toni/.m2/repository/org/apache/maven/doxia/doxia-module-fml/1.0/doxia-module-fml-1.0.jar:/home/toni/.m2/repository/org/apache/maven/doxia/doxia-module-xdoc/1.0/doxia-module-xdoc-1.0.jar:/home/toni/.m2/repository/org/apache/maven/doxia/doxia-module-xhtml/1.0/doxia-module-xhtml-1.0.jar:/home/toni/.m2/repository/commons-lang/commons-lang/2.4/commons-lang-2.4.jar:/home/toni/.m2/repository/org/codehaus/plexus/plexus-utils/2.0.2/plexus-utils-2.0.2.jar:/home/toni/.m2/repository/org/apache/maven/shared/maven-invoker/2.0.11/maven-invoker-2.0.11.jar:"/>
    <property name="sun.cpu.endian" value="little"/>
    <property name="user.home" value="/home/toni"/>
    <property name="user.language" value="es"/>
    <property name="java.specification.vendor" value="Oracle Corporation"/>
    <property name="java.home" value="/usr/lib/jvm/jdk1.8.0_231/jre"/>
    <property name="basedir" value="/home/toni/eclipse-workspace/recipe"/>
    <property name="file.separator" value="/"/>
    <property name="line.separator" value="&#10;"/>
    <property name="java.vm.specification.vendor" value="Oracle Corporation"/>
    <property name="java.specification.name" value="Java Platform API Specification"/>
    <property name="java.awt.graphicsenv" value="sun.awt.X11GraphicsEnvironment"/>
    <property name="sun.boot.class.path" value="/usr/lib/jvm/jdk1.8.0_231/jre/lib/resources.jar:/usr/lib/jvm/jdk1.8.0_231/jre/lib/rt.jar:/usr/lib/jvm/jdk1.8.0_231/jre/lib/sunrsasign.jar:/usr/lib/jvm/jdk1.8.0_231/jre/lib/jsse.jar:/usr/lib/jvm/jdk1.8.0_231/jre/lib/jce.jar:/usr/lib/jvm/jdk1.8.0_231/jre/lib/charsets.jar:/usr/lib/jvm/jdk1.8.0_231/jre/lib/jfr.jar:/usr/lib/jvm/jdk1.8.0_231/jre/classes"/>
    <property name="sun.management.compiler" value="HotSpot 64-Bit Tiered Compilers"/>
    <property name="java.runtime.version" value="1.8.0_231-b11"/>
    <property name="user.name" value="toni"/>
    <property name="path.separator" value=":"/>
    <property name="os.version" value="4.19.0-6-amd64"/>
    <property name="java.endorsed.dirs" value="/usr/lib/jvm/jdk1.8.0_231/jre/lib/endorsed"/>
    <property name="java.runtime.name" value="Java(TM) SE Runtime Environment"/>
    <property name="file.encoding" value="UTF-8"/>
    <property name="java.vm.name" value="Java HotSpot(TM) 64-Bit Server VM"/>
    <property name="localRepository" value="/home/toni/.m2/repository"/>
    <property name="java.vendor.url.bug" value="http://bugreport.sun.com/bugreport/"/>
    <property name="java.io.tmpdir" value="/tmp"/>
    <property name="java.version" value="1.8.0_231"/>
    <property name="user.dir" value="/home/toni/eclipse-workspace/recipe"/>
    <property name="os.arch" value="amd64"/>
    <property name="java.vm.specification.name" value="Java Virtual Machine Specification"/>
    <property name="java.awt.printerjob" value="sun.print.PSPrinterJob"/>
    <property name="idea.version2019.3.1" value="true"/>
    <property name="sun.os.patch.level" value="unknown"/>
    <property name="java.library.path" value="/usr/java/packages/lib/amd64:/usr/lib64:/lib64:/lib:/usr/lib"/>
    <property name="java.vm.info" value="mixed mode"/>
    <property name="java.vendor" value="Oracle Corporation"/>
    <property name="java.vm.version" value="25.231-b11"/>
    <property name="java.ext.dirs" value="/usr/lib/jvm/jdk1.8.0_231/jre/lib/ext:/usr/java/packages/lib/ext"/>
    <property name="sun.io.unicode.encoding" value="UnicodeLittle"/>
    <property name="java.class.version" value="52.0"/>
  </properties>
  <testcase name="testEmptyObject" classname="com.toni.recipe.converters.UnitOfMeasureCommandToUnitOfMeasureTest" time="0"/>
  <testcase name="convert" classname="com.toni.recipe.converters.UnitOfMeasureCommandToUnitOfMeasureTest" time="0"/>
  <testcase name="testNullParamter" classname="com.toni.recipe.converters.UnitOfMeasureCommandToUnitOfMeasureTest" time="0"/>
</testsuite>